2013-07-08 01:06:00,829 [68] Orchard.Recipes.Services.RecipeStepExecutor - Recipe execution 19fe1b41209a4c8f8c87aa2a203b1ba5 was cancelled because a step failed to execute
System.InvalidOperationException: Module Orchard.Module.MediaGarden.Images,Orchard.Module.MediaGarden.Videos,Orchard.Module.MediaGarden.Audio,Orchard.Module.MediaGarden.Documents was not found in the specified location.
   at Orchard.Recipes.RecipeHandlers.ModuleRecipeHandler.ExecuteRecipeStep(RecipeContext recipeContext)
   at Orchard.Recipes.Services.RecipeStepExecutor.ExecuteNextStep(String executionId)
2013-07-08 01:06:01,067 [68] Orchard.Exceptions.DefaultExceptionPolicy - An unexpected exception was caught
System.Reflection.TargetInvocationException: Exception has been thrown by the target of an invocation. ---> Orchard.OrchardCoreException: Recipe execution with id 19fe1b41209a4c8f8c87aa2a203b1ba5 was cancelled because the "Module" step failed to execute. The following exception was thrown: Module Orchard.Module.MediaGarden.Images,Orchard.Module.MediaGarden.Videos,Orchard.Module.MediaGarden.Audio,Orchard.Module.MediaGarden.Documents was not found in the specified location.. Refer to the recipe journal for more information.
   at Orchard.Recipes.Services.RecipeStepExecutor.ExecuteNextStep(String executionId)
   at Orchard.Recipes.Services.RecipeScheduler.ExecuteWork(String executionId)
   --- End of inner exception stack trace ---
   at System.RuntimeMethodHandle.InvokeMethod(Object target, Object[] arguments, Signature sig, Boolean constructor)
   at System.Reflection.RuntimeMethodInfo.UnsafeInvokeInternal(Object obj, Object[] parameters, Object[] arguments)
   at System.Reflection.RuntimeMethodInfo.Invoke(Object obj, BindingFlags invokeAttr, Binder binder, Object[] parameters, CultureInfo culture)
   at Orchard.Events.DefaultOrchardEventBus.TryInvokeMethod(IEventHandler eventHandler, Type interfaceType, String methodName, IDictionary`2 arguments, IEnumerable& returnValue) in c:\Orchard\src\Orchard\Events\DefaultOrchardEventBus.cs:line 80
   at Orchard.Events.DefaultOrchardEventBus.TryInvoke(IEventHandler eventHandler, String interfaceName, String methodName, IDictionary`2 arguments, IEnumerable& returnValue) in c:\Orchard\src\Orchard\Events\DefaultOrchardEventBus.cs:line 68
   at Orchard.Events.DefaultOrchardEventBus.TryNotifyHandler(IEventHandler eventHandler, String messageName, String interfaceName, String methodName, IDictionary`2 eventData, IEnumerable& returnValue) in c:\Orchard\src\Orchard\Events\DefaultOrchardEventBus.cs:line 52
2013-07-08 01:06:19,111 [67] Orchard.Environment.DefaultAssemblyLoader - Error loading assembly 'Downplay.Mechanics'
System.IO.FileNotFoundException: Could not load file or assembly 'Downplay.Mechanics' or one of its dependencies. The system cannot find the file specified.
File name: 'Downplay.Mechanics'
   at System.Reflection.RuntimeAssembly._nLoad(AssemblyName fileName, String codeBase, Evidence assemblySecurity, RuntimeAssembly locationHint, StackCrawlMark& stackMark, IntPtr pPrivHostBinder, Boolean throwOnFileNotFound, Boolean forIntrospection, Boolean suppressSecurityChecks)
   at System.Reflection.RuntimeAssembly.nLoad(AssemblyName fileName, String codeBase, Evidence assemblySecurity, RuntimeAssembly locationHint, StackCrawlMark& stackMark, IntPtr pPrivHostBinder, Boolean throwOnFileNotFound, Boolean forIntrospection, Boolean suppressSecurityChecks)
   at System.Reflection.RuntimeAssembly.InternalLoadAssemblyName(AssemblyName assemblyRef, Evidence assemblySecurity, RuntimeAssembly reqAssembly, StackCrawlMark& stackMark, IntPtr pPrivHostBinder, Boolean throwOnFileNotFound, Boolean forIntrospection, Boolean suppressSecurityChecks)
   at System.Reflection.RuntimeAssembly.InternalLoad(String assemblyString, Evidence assemblySecurity, StackCrawlMark& stackMark, IntPtr pPrivHostBinder, Boolean forIntrospection)
   at System.Reflection.RuntimeAssembly.InternalLoad(String assemblyString, Evidence assemblySecurity, StackCrawlMark& stackMark, Boolean forIntrospection)
   at System.Reflection.Assembly.Load(String assemblyString)
   at Orchard.Environment.DefaultAssemblyLoader.LoadWorker(String shortName, String fullName) in c:\Orchard\src\Orchard\Environment\IAssemblyLoader.cs:line 56
   at Orchard.Environment.DefaultAssemblyLoader.<>c__DisplayClass4.<Load>b__2(String shortName) in c:\Orchard\src\Orchard\Environment\IAssemblyLoader.cs:line 26
   at System.Collections.Concurrent.ConcurrentDictionary`2.GetOrAdd(TKey key, Func`2 valueFactory)
   at Orchard.Environment.DefaultAssemblyLoader.Load(String assemblyName) in c:\Orchard\src\Orchard\Environment\IAssemblyLoader.cs:line 26

WRN: Assembly binding logging is turned OFF.
To enable assembly bind failure logging, set the registry value [HKLM\Software\Microsoft\Fusion!EnableLog] (DWORD) to 1.
Note: There is some performance penalty associated with assembly bind failure logging.
To turn this feature off, remove the registry value [HKLM\Software\Microsoft\Fusion!EnableLog].

2013-07-08 01:06:19,206 [67] Orchard.Environment.Extensions.Compilers.DefaultExtensionCompiler - Assembly reference 'Downplay.Mechanics' for project '/Modules/MediaGarden/MediaGarden.csproj' cannot be loaded
2013-07-08 01:06:19,694 [67] Orchard.Environment.DefaultAssemblyLoader - Error loading assembly 'Downplay.Mechanics'
System.IO.FileNotFoundException: Could not load file or assembly 'Downplay.Mechanics' or one of its dependencies. The system cannot find the file specified.
File name: 'Downplay.Mechanics'
   at System.Reflection.RuntimeAssembly._nLoad(AssemblyName fileName, String codeBase, Evidence assemblySecurity, RuntimeAssembly locationHint, StackCrawlMark& stackMark, IntPtr pPrivHostBinder, Boolean throwOnFileNotFound, Boolean forIntrospection, Boolean suppressSecurityChecks)
   at System.Reflection.RuntimeAssembly.nLoad(AssemblyName fileName, String codeBase, Evidence assemblySecurity, RuntimeAssembly locationHint, StackCrawlMark& stackMark, IntPtr pPrivHostBinder, Boolean throwOnFileNotFound, Boolean forIntrospection, Boolean suppressSecurityChecks)
   at System.Reflection.RuntimeAssembly.InternalLoadAssemblyName(AssemblyName assemblyRef, Evidence assemblySecurity, RuntimeAssembly reqAssembly, StackCrawlMark& stackMark, IntPtr pPrivHostBinder, Boolean throwOnFileNotFound, Boolean forIntrospection, Boolean suppressSecurityChecks)
   at System.Reflection.RuntimeAssembly.InternalLoad(String assemblyString, Evidence assemblySecurity, StackCrawlMark& stackMark, IntPtr pPrivHostBinder, Boolean forIntrospection)
   at System.Reflection.RuntimeAssembly.InternalLoad(String assemblyString, Evidence assemblySecurity, StackCrawlMark& stackMark, Boolean forIntrospection)
   at System.Reflection.Assembly.Load(String assemblyString)
   at Orchard.Environment.DefaultAssemblyLoader.LoadWorker(String shortName, String fullName) in c:\Orchard\src\Orchard\Environment\IAssemblyLoader.cs:line 56
   at Orchard.Environment.DefaultAssemblyLoader.<>c__DisplayClass4.<Load>b__2(String shortName) in c:\Orchard\src\Orchard\Environment\IAssemblyLoader.cs:line 26
   at System.Collections.Concurrent.ConcurrentDictionary`2.GetOrAdd(TKey key, Func`2 valueFactory)
   at Orchard.Environment.DefaultAssemblyLoader.Load(String assemblyName) in c:\Orchard\src\Orchard\Environment\IAssemblyLoader.cs:line 26

WRN: Assembly binding logging is turned OFF.
To enable assembly bind failure logging, set the registry value [HKLM\Software\Microsoft\Fusion!EnableLog] (DWORD) to 1.
Note: There is some performance penalty associated with assembly bind failure logging.
To turn this feature off, remove the registry value [HKLM\Software\Microsoft\Fusion!EnableLog].

2013-07-08 01:06:19,699 [67] Orchard.Environment.Extensions.Compilers.DefaultExtensionCompiler - Assembly reference 'Downplay.Mechanics' for project '/Modules/MediaGarden/MediaGarden.csproj' cannot be loaded
2013-07-08 01:06:22,720 [69] Orchard.Environment.DefaultAssemblyLoader - Error loading assembly 'Downplay.Mechanics'
System.IO.FileNotFoundException: Could not load file or assembly 'Downplay.Mechanics' or one of its dependencies. The system cannot find the file specified.
File name: 'Downplay.Mechanics'
   at System.Reflection.RuntimeAssembly._nLoad(AssemblyName fileName, String codeBase, Evidence assemblySecurity, RuntimeAssembly locationHint, StackCrawlMark& stackMark, IntPtr pPrivHostBinder, Boolean throwOnFileNotFound, Boolean forIntrospection, Boolean suppressSecurityChecks)
   at System.Reflection.RuntimeAssembly.nLoad(AssemblyName fileName, String codeBase, Evidence assemblySecurity, RuntimeAssembly locationHint, StackCrawlMark& stackMark, IntPtr pPrivHostBinder, Boolean throwOnFileNotFound, Boolean forIntrospection, Boolean suppressSecurityChecks)
   at System.Reflection.RuntimeAssembly.InternalLoadAssemblyName(AssemblyName assemblyRef, Evidence assemblySecurity, RuntimeAssembly reqAssembly, StackCrawlMark& stackMark, IntPtr pPrivHostBinder, Boolean throwOnFileNotFound, Boolean forIntrospection, Boolean suppressSecurityChecks)
   at System.Reflection.RuntimeAssembly.InternalLoad(String assemblyString, Evidence assemblySecurity, StackCrawlMark& stackMark, IntPtr pPrivHostBinder, Boolean forIntrospection)
   at System.Reflection.RuntimeAssembly.InternalLoad(String assemblyString, Evidence assemblySecurity, StackCrawlMark& stackMark, Boolean forIntrospection)
   at System.Reflection.Assembly.Load(String assemblyString)
   at Orchard.Environment.DefaultAssemblyLoader.LoadWorker(String shortName, String fullName) in c:\Orchard\src\Orchard\Environment\IAssemblyLoader.cs:line 56
   at Orchard.Environment.DefaultAssemblyLoader.<>c__DisplayClass4.<Load>b__2(String shortName) in c:\Orchard\src\Orchard\Environment\IAssemblyLoader.cs:line 26
   at System.Collections.Concurrent.ConcurrentDictionary`2.GetOrAdd(TKey key, Func`2 valueFactory)
   at Orchard.Environment.DefaultAssemblyLoader.Load(String assemblyName) in c:\Orchard\src\Orchard\Environment\IAssemblyLoader.cs:line 26

WRN: Assembly binding logging is turned OFF.
To enable assembly bind failure logging, set the registry value [HKLM\Software\Microsoft\Fusion!EnableLog] (DWORD) to 1.
Note: There is some performance penalty associated with assembly bind failure logging.
To turn this feature off, remove the registry value [HKLM\Software\Microsoft\Fusion!EnableLog].

2013-07-08 01:06:22,726 [69] Orchard.Environment.Extensions.Compilers.DefaultExtensionCompiler - Assembly reference 'Downplay.Mechanics' for project '/Modules/MediaGarden/MediaGarden.csproj' cannot be loaded
2013-07-08 01:06:23,061 [69] Orchard.Environment.DefaultAssemblyLoader - Error loading assembly 'Downplay.Mechanics'
System.IO.FileNotFoundException: Could not load file or assembly 'Downplay.Mechanics' or one of its dependencies. The system cannot find the file specified.
File name: 'Downplay.Mechanics'
   at System.Reflection.RuntimeAssembly._nLoad(AssemblyName fileName, String codeBase, Evidence assemblySecurity, RuntimeAssembly locationHint, StackCrawlMark& stackMark, IntPtr pPrivHostBinder, Boolean throwOnFileNotFound, Boolean forIntrospection, Boolean suppressSecurityChecks)
   at System.Reflection.RuntimeAssembly.nLoad(AssemblyName fileName, String codeBase, Evidence assemblySecurity, RuntimeAssembly locationHint, StackCrawlMark& stackMark, IntPtr pPrivHostBinder, Boolean throwOnFileNotFound, Boolean forIntrospection, Boolean suppressSecurityChecks)
   at System.Reflection.RuntimeAssembly.InternalLoadAssemblyName(AssemblyName assemblyRef, Evidence assemblySecurity, RuntimeAssembly reqAssembly, StackCrawlMark& stackMark, IntPtr pPrivHostBinder, Boolean throwOnFileNotFound, Boolean forIntrospection, Boolean suppressSecurityChecks)
   at System.Reflection.RuntimeAssembly.InternalLoad(String assemblyString, Evidence assemblySecurity, StackCrawlMark& stackMark, IntPtr pPrivHostBinder, Boolean forIntrospection)
   at System.Reflection.RuntimeAssembly.InternalLoad(String assemblyString, Evidence assemblySecurity, StackCrawlMark& stackMark, Boolean forIntrospection)
   at System.Reflection.Assembly.Load(String assemblyString)
   at Orchard.Environment.DefaultAssemblyLoader.LoadWorker(String shortName, String fullName) in c:\Orchard\src\Orchard\Environment\IAssemblyLoader.cs:line 56
   at Orchard.Environment.DefaultAssemblyLoader.<>c__DisplayClass4.<Load>b__2(String shortName) in c:\Orchard\src\Orchard\Environment\IAssemblyLoader.cs:line 26
   at System.Collections.Concurrent.ConcurrentDictionary`2.GetOrAdd(TKey key, Func`2 valueFactory)
   at Orchard.Environment.DefaultAssemblyLoader.Load(String assemblyName) in c:\Orchard\src\Orchard\Environment\IAssemblyLoader.cs:line 26

WRN: Assembly binding logging is turned OFF.
To enable assembly bind failure logging, set the registry value [HKLM\Software\Microsoft\Fusion!EnableLog] (DWORD) to 1.
Note: There is some performance penalty associated with assembly bind failure logging.
To turn this feature off, remove the registry value [HKLM\Software\Microsoft\Fusion!EnableLog].

2013-07-08 01:06:23,065 [69] Orchard.Environment.Extensions.Compilers.DefaultExtensionCompiler - Assembly reference 'Downplay.Mechanics' for project '/Modules/MediaGarden/MediaGarden.csproj' cannot be loaded
2013-07-08 01:06:23,516 [69] Orchard.Environment.DefaultAssemblyLoader - Error loading assembly 'Downplay.Mechanics'
System.IO.FileNotFoundException: Could not load file or assembly 'Downplay.Mechanics' or one of its dependencies. The system cannot find the file specified.
File name: 'Downplay.Mechanics'
   at System.Reflection.RuntimeAssembly._nLoad(AssemblyName fileName, String codeBase, Evidence assemblySecurity, RuntimeAssembly locationHint, StackCrawlMark& stackMark, IntPtr pPrivHostBinder, Boolean throwOnFileNotFound, Boolean forIntrospection, Boolean suppressSecurityChecks)
   at System.Reflection.RuntimeAssembly.nLoad(AssemblyName fileName, String codeBase, Evidence assemblySecurity, RuntimeAssembly locationHint, StackCrawlMark& stackMark, IntPtr pPrivHostBinder, Boolean throwOnFileNotFound, Boolean forIntrospection, Boolean suppressSecurityChecks)
   at System.Reflection.RuntimeAssembly.InternalLoadAssemblyName(AssemblyName assemblyRef, Evidence assemblySecurity, RuntimeAssembly reqAssembly, StackCrawlMark& stackMark, IntPtr pPrivHostBinder, Boolean throwOnFileNotFound, Boolean forIntrospection, Boolean suppressSecurityChecks)
   at System.Reflection.RuntimeAssembly.InternalLoad(String assemblyString, Evidence assemblySecurity, StackCrawlMark& stackMark, IntPtr pPrivHostBinder, Boolean forIntrospection)
   at System.Reflection.RuntimeAssembly.InternalLoad(String assemblyString, Evidence assemblySecurity, StackCrawlMark& stackMark, Boolean forIntrospection)
   at System.Reflection.Assembly.Load(String assemblyString)
   at Orchard.Environment.DefaultAssemblyLoader.LoadWorker(String shortName, String fullName) in c:\Orchard\src\Orchard\Environment\IAssemblyLoader.cs:line 56
   at Orchard.Environment.DefaultAssemblyLoader.<>c__DisplayClass4.<Load>b__2(String shortName) in c:\Orchard\src\Orchard\Environment\IAssemblyLoader.cs:line 26
   at System.Collections.Concurrent.ConcurrentDictionary`2.GetOrAdd(TKey key, Func`2 valueFactory)
   at Orchard.Environment.DefaultAssemblyLoader.Load(String assemblyName) in c:\Orchard\src\Orchard\Environment\IAssemblyLoader.cs:line 26

WRN: Assembly binding logging is turned OFF.
To enable assembly bind failure logging, set the registry value [HKLM\Software\Microsoft\Fusion!EnableLog] (DWORD) to 1.
Note: There is some performance penalty associated with assembly bind failure logging.
To turn this feature off, remove the registry value [HKLM\Software\Microsoft\Fusion!EnableLog].

2013-07-08 01:06:23,520 [69] Orchard.Environment.Extensions.Compilers.DefaultExtensionCompiler - Assembly reference 'Downplay.Mechanics' for project '/Modules/MediaGarden/MediaGarden.csproj' cannot be loaded
2013-07-08 01:06:24,611 [69] Orchard.Environment.DefaultAssemblyLoader - Error loading assembly 'Downplay.Mechanics'
System.IO.FileNotFoundException: Could not load file or assembly 'Downplay.Mechanics' or one of its dependencies. The system cannot find the file specified.
File name: 'Downplay.Mechanics'
   at System.Reflection.RuntimeAssembly._nLoad(AssemblyName fileName, String codeBase, Evidence assemblySecurity, RuntimeAssembly locationHint, StackCrawlMark& stackMark, IntPtr pPrivHostBinder, Boolean throwOnFileNotFound, Boolean forIntrospection, Boolean suppressSecurityChecks)
   at System.Reflection.RuntimeAssembly.nLoad(AssemblyName fileName, String codeBase, Evidence assemblySecurity, RuntimeAssembly locationHint, StackCrawlMark& stackMark, IntPtr pPrivHostBinder, Boolean throwOnFileNotFound, Boolean forIntrospection, Boolean suppressSecurityChecks)
   at System.Reflection.RuntimeAssembly.InternalLoadAssemblyName(AssemblyName assemblyRef, Evidence assemblySecurity, RuntimeAssembly reqAssembly, StackCrawlMark& stackMark, IntPtr pPrivHostBinder, Boolean throwOnFileNotFound, Boolean forIntrospection, Boolean suppressSecurityChecks)
   at System.Reflection.RuntimeAssembly.InternalLoad(String assemblyString, Evidence assemblySecurity, StackCrawlMark& stackMark, IntPtr pPrivHostBinder, Boolean forIntrospection)
   at System.Reflection.RuntimeAssembly.InternalLoad(String assemblyString, Evidence assemblySecurity, StackCrawlMark& stackMark, Boolean forIntrospection)
   at System.Reflection.Assembly.Load(String assemblyString)
   at Orchard.Environment.DefaultAssemblyLoader.LoadWorker(String shortName, String fullName) in c:\Orchard\src\Orchard\Environment\IAssemblyLoader.cs:line 56
   at Orchard.Environment.DefaultAssemblyLoader.<>c__DisplayClass4.<Load>b__2(String shortName) in c:\Orchard\src\Orchard\Environment\IAssemblyLoader.cs:line 26
   at System.Collections.Concurrent.ConcurrentDictionary`2.GetOrAdd(TKey key, Func`2 valueFactory)
   at Orchard.Environment.DefaultAssemblyLoader.Load(String assemblyName) in c:\Orchard\src\Orchard\Environment\IAssemblyLoader.cs:line 26

WRN: Assembly binding logging is turned OFF.
To enable assembly bind failure logging, set the registry value [HKLM\Software\Microsoft\Fusion!EnableLog] (DWORD) to 1.
Note: There is some performance penalty associated with assembly bind failure logging.
To turn this feature off, remove the registry value [HKLM\Software\Microsoft\Fusion!EnableLog].

2013-07-08 01:06:24,615 [69] Orchard.Environment.Extensions.Compilers.DefaultExtensionCompiler - Assembly reference 'Downplay.Mechanics' for project '/Modules/MediaGarden/MediaGarden.csproj' cannot be loaded
2013-07-08 01:06:25,117 [69] Orchard.Environment.DefaultAssemblyLoader - Error loading assembly 'Downplay.Mechanics'
System.IO.FileNotFoundException: Could not load file or assembly 'Downplay.Mechanics' or one of its dependencies. The system cannot find the file specified.
File name: 'Downplay.Mechanics'
   at System.Reflection.RuntimeAssembly._nLoad(AssemblyName fileName, String codeBase, Evidence assemblySecurity, RuntimeAssembly locationHint, StackCrawlMark& stackMark, IntPtr pPrivHostBinder, Boolean throwOnFileNotFound, Boolean forIntrospection, Boolean suppressSecurityChecks)
   at System.Reflection.RuntimeAssembly.nLoad(AssemblyName fileName, String codeBase, Evidence assemblySecurity, RuntimeAssembly locationHint, StackCrawlMark& stackMark, IntPtr pPrivHostBinder, Boolean throwOnFileNotFound, Boolean forIntrospection, Boolean suppressSecurityChecks)
   at System.Reflection.RuntimeAssembly.InternalLoadAssemblyName(AssemblyName assemblyRef, Evidence assemblySecurity, RuntimeAssembly reqAssembly, StackCrawlMark& stackMark, IntPtr pPrivHostBinder, Boolean throwOnFileNotFound, Boolean forIntrospection, Boolean suppressSecurityChecks)
   at System.Reflection.RuntimeAssembly.InternalLoad(String assemblyString, Evidence assemblySecurity, StackCrawlMark& stackMark, IntPtr pPrivHostBinder, Boolean forIntrospection)
   at System.Reflection.RuntimeAssembly.InternalLoad(String assemblyString, Evidence assemblySecurity, StackCrawlMark& stackMark, Boolean forIntrospection)
   at System.Reflection.Assembly.Load(String assemblyString)
   at Orchard.Environment.DefaultAssemblyLoader.LoadWorker(String shortName, String fullName) in c:\Orchard\src\Orchard\Environment\IAssemblyLoader.cs:line 56
   at Orchard.Environment.DefaultAssemblyLoader.<>c__DisplayClass4.<Load>b__2(String shortName) in c:\Orchard\src\Orchard\Environment\IAssemblyLoader.cs:line 26
   at System.Collections.Concurrent.ConcurrentDictionary`2.GetOrAdd(TKey key, Func`2 valueFactory)
   at Orchard.Environment.DefaultAssemblyLoader.Load(String assemblyName) in c:\Orchard\src\Orchard\Environment\IAssemblyLoader.cs:line 26

WRN: Assembly binding logging is turned OFF.
To enable assembly bind failure logging, set the registry value [HKLM\Software\Microsoft\Fusion!EnableLog] (DWORD) to 1.
Note: There is some performance penalty associated with assembly bind failure logging.
To turn this feature off, remove the registry value [HKLM\Software\Microsoft\Fusion!EnableLog].

2013-07-08 01:06:25,124 [69] Orchard.Environment.Extensions.Compilers.DefaultExtensionCompiler - Assembly reference 'Downplay.Mechanics' for project '/Modules/MediaGarden/MediaGarden.csproj' cannot be loaded
2013-07-08 01:06:25,672 [69] Orchard.Environment.DefaultAssemblyLoader - Error loading assembly 'Downplay.Mechanics'
System.IO.FileNotFoundException: Could not load file or assembly 'Downplay.Mechanics' or one of its dependencies. The system cannot find the file specified.
File name: 'Downplay.Mechanics'
   at System.Reflection.RuntimeAssembly._nLoad(AssemblyName fileName, String codeBase, Evidence assemblySecurity, RuntimeAssembly locationHint, StackCrawlMark& stackMark, IntPtr pPrivHostBinder, Boolean throwOnFileNotFound, Boolean forIntrospection, Boolean suppressSecurityChecks)
   at System.Reflection.RuntimeAssembly.nLoad(AssemblyName fileName, String codeBase, Evidence assemblySecurity, RuntimeAssembly locationHint, StackCrawlMark& stackMark, IntPtr pPrivHostBinder, Boolean throwOnFileNotFound, Boolean forIntrospection, Boolean suppressSecurityChecks)
   at System.Reflection.RuntimeAssembly.InternalLoadAssemblyName(AssemblyName assemblyRef, Evidence assemblySecurity, RuntimeAssembly reqAssembly, StackCrawlMark& stackMark, IntPtr pPrivHostBinder, Boolean throwOnFileNotFound, Boolean forIntrospection, Boolean suppressSecurityChecks)
   at System.Reflection.RuntimeAssembly.InternalLoad(String assemblyString, Evidence assemblySecurity, StackCrawlMark& stackMark, IntPtr pPrivHostBinder, Boolean forIntrospection)
   at System.Reflection.RuntimeAssembly.InternalLoad(String assemblyString, Evidence assemblySecurity, StackCrawlMark& stackMark, Boolean forIntrospection)
   at System.Reflection.Assembly.Load(String assemblyString)
   at Orchard.Environment.DefaultAssemblyLoader.LoadWorker(String shortName, String fullName) in c:\Orchard\src\Orchard\Environment\IAssemblyLoader.cs:line 56
   at Orchard.Environment.DefaultAssemblyLoader.<>c__DisplayClass4.<Load>b__2(String shortName) in c:\Orchard\src\Orchard\Environment\IAssemblyLoader.cs:line 26
   at System.Collections.Concurrent.ConcurrentDictionary`2.GetOrAdd(TKey key, Func`2 valueFactory)
   at Orchard.Environment.DefaultAssemblyLoader.Load(String assemblyName) in c:\Orchard\src\Orchard\Environment\IAssemblyLoader.cs:line 26

WRN: Assembly binding logging is turned OFF.
To enable assembly bind failure logging, set the registry value [HKLM\Software\Microsoft\Fusion!EnableLog] (DWORD) to 1.
Note: There is some performance penalty associated with assembly bind failure logging.
To turn this feature off, remove the registry value [HKLM\Software\Microsoft\Fusion!EnableLog].

2013-07-08 01:06:25,676 [69] Orchard.Environment.Extensions.Compilers.DefaultExtensionCompiler - Assembly reference 'Downplay.Mechanics' for project '/Modules/MediaGarden/MediaGarden.csproj' cannot be loaded
2013-07-08 01:06:26,079 [69] Orchard.Environment.DefaultAssemblyLoader - Error loading assembly 'Downplay.Mechanics'
System.IO.FileNotFoundException: Could not load file or assembly 'Downplay.Mechanics' or one of its dependencies. The system cannot find the file specified.
File name: 'Downplay.Mechanics'
   at System.Reflection.RuntimeAssembly._nLoad(AssemblyName fileName, String codeBase, Evidence assemblySecurity, RuntimeAssembly locationHint, StackCrawlMark& stackMark, IntPtr pPrivHostBinder, Boolean throwOnFileNotFound, Boolean forIntrospection, Boolean suppressSecurityChecks)
   at System.Reflection.RuntimeAssembly.nLoad(AssemblyName fileName, String codeBase, Evidence assemblySecurity, RuntimeAssembly locationHint, StackCrawlMark& stackMark, IntPtr pPrivHostBinder, Boolean throwOnFileNotFound, Boolean forIntrospection, Boolean suppressSecurityChecks)
   at System.Reflection.RuntimeAssembly.InternalLoadAssemblyName(AssemblyName assemblyRef, Evidence assemblySecurity, RuntimeAssembly reqAssembly, StackCrawlMark& stackMark, IntPtr pPrivHostBinder, Boolean throwOnFileNotFound, Boolean forIntrospection, Boolean suppressSecurityChecks)
   at System.Reflection.RuntimeAssembly.InternalLoad(String assemblyString, Evidence assemblySecurity, StackCrawlMark& stackMark, IntPtr pPrivHostBinder, Boolean forIntrospection)
   at System.Reflection.RuntimeAssembly.InternalLoad(String assemblyString, Evidence assemblySecurity, StackCrawlMark& stackMark, Boolean forIntrospection)
   at System.Reflection.Assembly.Load(String assemblyString)
   at Orchard.Environment.DefaultAssemblyLoader.LoadWorker(String shortName, String fullName) in c:\Orchard\src\Orchard\Environment\IAssemblyLoader.cs:line 56
   at Orchard.Environment.DefaultAssemblyLoader.<>c__DisplayClass4.<Load>b__2(String shortName) in c:\Orchard\src\Orchard\Environment\IAssemblyLoader.cs:line 26
   at System.Collections.Concurrent.ConcurrentDictionary`2.GetOrAdd(TKey key, Func`2 valueFactory)
   at Orchard.Environment.DefaultAssemblyLoader.Load(String assemblyName) in c:\Orchard\src\Orchard\Environment\IAssemblyLoader.cs:line 26

WRN: Assembly binding logging is turned OFF.
To enable assembly bind failure logging, set the registry value [HKLM\Software\Microsoft\Fusion!EnableLog] (DWORD) to 1.
Note: There is some performance penalty associated with assembly bind failure logging.
To turn this feature off, remove the registry value [HKLM\Software\Microsoft\Fusion!EnableLog].

2013-07-08 01:06:26,083 [69] Orchard.Environment.Extensions.Compilers.DefaultExtensionCompiler - Assembly reference 'Downplay.Mechanics' for project '/Modules/MediaGarden/MediaGarden.csproj' cannot be loaded
2013-07-08 01:06:26,510 [69] Orchard.Environment.DefaultAssemblyLoader - Error loading assembly 'Downplay.Mechanics'
System.IO.FileNotFoundException: Could not load file or assembly 'Downplay.Mechanics' or one of its dependencies. The system cannot find the file specified.
File name: 'Downplay.Mechanics'
   at System.Reflection.RuntimeAssembly._nLoad(AssemblyName fileName, String codeBase, Evidence assemblySecurity, RuntimeAssembly locationHint, StackCrawlMark& stackMark, IntPtr pPrivHostBinder, Boolean throwOnFileNotFound, Boolean forIntrospection, Boolean suppressSecurityChecks)
   at System.Reflection.RuntimeAssembly.nLoad(AssemblyName fileName, String codeBase, Evidence assemblySecurity, RuntimeAssembly locationHint, StackCrawlMark& stackMark, IntPtr pPrivHostBinder, Boolean throwOnFileNotFound, Boolean forIntrospection, Boolean suppressSecurityChecks)
   at System.Reflection.RuntimeAssembly.InternalLoadAssemblyName(AssemblyName assemblyRef, Evidence assemblySecurity, RuntimeAssembly reqAssembly, StackCrawlMark& stackMark, IntPtr pPrivHostBinder, Boolean throwOnFileNotFound, Boolean forIntrospection, Boolean suppressSecurityChecks)
   at System.Reflection.RuntimeAssembly.InternalLoad(String assemblyString, Evidence assemblySecurity, StackCrawlMark& stackMark, IntPtr pPrivHostBinder, Boolean forIntrospection)
   at System.Reflection.RuntimeAssembly.InternalLoad(String assemblyString, Evidence assemblySecurity, StackCrawlMark& stackMark, Boolean forIntrospection)
   at System.Reflection.Assembly.Load(String assemblyString)
   at Orchard.Environment.DefaultAssemblyLoader.LoadWorker(String shortName, String fullName) in c:\Orchard\src\Orchard\Environment\IAssemblyLoader.cs:line 56
   at Orchard.Environment.DefaultAssemblyLoader.<>c__DisplayClass4.<Load>b__2(String shortName) in c:\Orchard\src\Orchard\Environment\IAssemblyLoader.cs:line 26
   at System.Collections.Concurrent.ConcurrentDictionary`2.GetOrAdd(TKey key, Func`2 valueFactory)
   at Orchard.Environment.DefaultAssemblyLoader.Load(String assemblyName) in c:\Orchard\src\Orchard\Environment\IAssemblyLoader.cs:line 26

WRN: Assembly binding logging is turned OFF.
To enable assembly bind failure logging, set the registry value [HKLM\Software\Microsoft\Fusion!EnableLog] (DWORD) to 1.
Note: There is some performance penalty associated with assembly bind failure logging.
To turn this feature off, remove the registry value [HKLM\Software\Microsoft\Fusion!EnableLog].

2013-07-08 01:06:26,514 [69] Orchard.Environment.Extensions.Compilers.DefaultExtensionCompiler - Assembly reference 'Downplay.Mechanics' for project '/Modules/MediaGarden/MediaGarden.csproj' cannot be loaded
2013-07-08 01:06:26,908 [69] Orchard.Environment.DefaultAssemblyLoader - Error loading assembly 'Downplay.Mechanics'
System.IO.FileNotFoundException: Could not load file or assembly 'Downplay.Mechanics' or one of its dependencies. The system cannot find the file specified.
File name: 'Downplay.Mechanics'
   at System.Reflection.RuntimeAssembly._nLoad(AssemblyName fileName, String codeBase, Evidence assemblySecurity, RuntimeAssembly locationHint, StackCrawlMark& stackMark, IntPtr pPrivHostBinder, Boolean throwOnFileNotFound, Boolean forIntrospection, Boolean suppressSecurityChecks)
   at System.Reflection.RuntimeAssembly.nLoad(AssemblyName fileName, String codeBase, Evidence assemblySecurity, RuntimeAssembly locationHint, StackCrawlMark& stackMark, IntPtr pPrivHostBinder, Boolean throwOnFileNotFound, Boolean forIntrospection, Boolean suppressSecurityChecks)
   at System.Reflection.RuntimeAssembly.InternalLoadAssemblyName(AssemblyName assemblyRef, Evidence assemblySecurity, RuntimeAssembly reqAssembly, StackCrawlMark& stackMark, IntPtr pPrivHostBinder, Boolean throwOnFileNotFound, Boolean forIntrospection, Boolean suppressSecurityChecks)
   at System.Reflection.RuntimeAssembly.InternalLoad(String assemblyString, Evidence assemblySecurity, StackCrawlMark& stackMark, IntPtr pPrivHostBinder, Boolean forIntrospection)
   at System.Reflection.RuntimeAssembly.InternalLoad(String assemblyString, Evidence assemblySecurity, StackCrawlMark& stackMark, Boolean forIntrospection)
   at System.Reflection.Assembly.Load(String assemblyString)
   at Orchard.Environment.DefaultAssemblyLoader.LoadWorker(String shortName, String fullName) in c:\Orchard\src\Orchard\Environment\IAssemblyLoader.cs:line 56
   at Orchard.Environment.DefaultAssemblyLoader.<>c__DisplayClass4.<Load>b__2(String shortName) in c:\Orchard\src\Orchard\Environment\IAssemblyLoader.cs:line 26
   at System.Collections.Concurrent.ConcurrentDictionary`2.GetOrAdd(TKey key, Func`2 valueFactory)
   at Orchard.Environment.DefaultAssemblyLoader.Load(String assemblyName) in c:\Orchard\src\Orchard\Environment\IAssemblyLoader.cs:line 26

WRN: Assembly binding logging is turned OFF.
To enable assembly bind failure logging, set the registry value [HKLM\Software\Microsoft\Fusion!EnableLog] (DWORD) to 1.
Note: There is some performance penalty associated with assembly bind failure logging.
To turn this feature off, remove the registry value [HKLM\Software\Microsoft\Fusion!EnableLog].

2013-07-08 01:06:26,913 [69] Orchard.Environment.Extensions.Compilers.DefaultExtensionCompiler - Assembly reference 'Downplay.Mechanics' for project '/Modules/MediaGarden/MediaGarden.csproj' cannot be loaded
2013-07-08 01:06:27,364 [69] Orchard.Environment.DefaultAssemblyLoader - Error loading assembly 'Downplay.Mechanics'
System.IO.FileNotFoundException: Could not load file or assembly 'Downplay.Mechanics' or one of its dependencies. The system cannot find the file specified.
File name: 'Downplay.Mechanics'
   at System.Reflection.RuntimeAssembly._nLoad(AssemblyName fileName, String codeBase, Evidence assemblySecurity, RuntimeAssembly locationHint, StackCrawlMark& stackMark, IntPtr pPrivHostBinder, Boolean throwOnFileNotFound, Boolean forIntrospection, Boolean suppressSecurityChecks)
   at System.Reflection.RuntimeAssembly.nLoad(AssemblyName fileName, String codeBase, Evidence assemblySecurity, RuntimeAssembly locationHint, StackCrawlMark& stackMark, IntPtr pPrivHostBinder, Boolean throwOnFileNotFound, Boolean forIntrospection, Boolean suppressSecurityChecks)
   at System.Reflection.RuntimeAssembly.InternalLoadAssemblyName(AssemblyName assemblyRef, Evidence assemblySecurity, RuntimeAssembly reqAssembly, StackCrawlMark& stackMark, IntPtr pPrivHostBinder, Boolean throwOnFileNotFound, Boolean forIntrospection, Boolean suppressSecurityChecks)
   at System.Reflection.RuntimeAssembly.InternalLoad(String assemblyString, Evidence assemblySecurity, StackCrawlMark& stackMark, IntPtr pPrivHostBinder, Boolean forIntrospection)
   at System.Reflection.RuntimeAssembly.InternalLoad(String assemblyString, Evidence assemblySecurity, StackCrawlMark& stackMark, Boolean forIntrospection)
   at System.Reflection.Assembly.Load(String assemblyString)
   at Orchard.Environment.DefaultAssemblyLoader.LoadWorker(String shortName, String fullName) in c:\Orchard\src\Orchard\Environment\IAssemblyLoader.cs:line 56
   at Orchard.Environment.DefaultAssemblyLoader.<>c__DisplayClass4.<Load>b__2(String shortName) in c:\Orchard\src\Orchard\Environment\IAssemblyLoader.cs:line 26
   at System.Collections.Concurrent.ConcurrentDictionary`2.GetOrAdd(TKey key, Func`2 valueFactory)
   at Orchard.Environment.DefaultAssemblyLoader.Load(String assemblyName) in c:\Orchard\src\Orchard\Environment\IAssemblyLoader.cs:line 26

WRN: Assembly binding logging is turned OFF.
To enable assembly bind failure logging, set the registry value [HKLM\Software\Microsoft\Fusion!EnableLog] (DWORD) to 1.
Note: There is some performance penalty associated with assembly bind failure logging.
To turn this feature off, remove the registry value [HKLM\Software\Microsoft\Fusion!EnableLog].

2013-07-08 01:06:27,369 [69] Orchard.Environment.Extensions.Compilers.DefaultExtensionCompiler - Assembly reference 'Downplay.Mechanics' for project '/Modules/MediaGarden/MediaGarden.csproj' cannot be loaded
2013-07-08 01:07:42,213 [58] Orchard.Environment.DefaultAssemblyLoader - Error loading assembly 'Downplay.Mechanics'
System.IO.FileNotFoundException: Could not load file or assembly 'Downplay.Mechanics' or one of its dependencies. The system cannot find the file specified.
File name: 'Downplay.Mechanics'
   at System.Reflection.RuntimeAssembly._nLoad(AssemblyName fileName, String codeBase, Evidence assemblySecurity, RuntimeAssembly locationHint, StackCrawlMark& stackMark, IntPtr pPrivHostBinder, Boolean throwOnFileNotFound, Boolean forIntrospection, Boolean suppressSecurityChecks)
   at System.Reflection.RuntimeAssembly.nLoad(AssemblyName fileName, String codeBase, Evidence assemblySecurity, RuntimeAssembly locationHint, StackCrawlMark& stackMark, IntPtr pPrivHostBinder, Boolean throwOnFileNotFound, Boolean forIntrospection, Boolean suppressSecurityChecks)
   at System.Reflection.RuntimeAssembly.InternalLoadAssemblyName(AssemblyName assemblyRef, Evidence assemblySecurity, RuntimeAssembly reqAssembly, StackCrawlMark& stackMark, IntPtr pPrivHostBinder, Boolean throwOnFileNotFound, Boolean forIntrospection, Boolean suppressSecurityChecks)
   at System.Reflection.RuntimeAssembly.InternalLoad(String assemblyString, Evidence assemblySecurity, StackCrawlMark& stackMark, IntPtr pPrivHostBinder, Boolean forIntrospection)
   at System.Reflection.RuntimeAssembly.InternalLoad(String assemblyString, Evidence assemblySecurity, StackCrawlMark& stackMark, Boolean forIntrospection)
   at System.Reflection.Assembly.Load(String assemblyString)
   at Orchard.Environment.DefaultAssemblyLoader.LoadWorker(String shortName, String fullName) in c:\Orchard\src\Orchard\Environment\IAssemblyLoader.cs:line 56
   at Orchard.Environment.DefaultAssemblyLoader.<>c__DisplayClass4.<Load>b__2(String shortName) in c:\Orchard\src\Orchard\Environment\IAssemblyLoader.cs:line 26
   at System.Collections.Concurrent.ConcurrentDictionary`2.GetOrAdd(TKey key, Func`2 valueFactory)
   at Orchard.Environment.DefaultAssemblyLoader.Load(String assemblyName) in c:\Orchard\src\Orchard\Environment\IAssemblyLoader.cs:line 26

WRN: Assembly binding logging is turned OFF.
To enable assembly bind failure logging, set the registry value [HKLM\Software\Microsoft\Fusion!EnableLog] (DWORD) to 1.
Note: There is some performance penalty associated with assembly bind failure logging.
To turn this feature off, remove the registry value [HKLM\Software\Microsoft\Fusion!EnableLog].

2013-07-08 01:07:42,218 [58] Orchard.Environment.Extensions.Compilers.DefaultExtensionCompiler - Assembly reference 'Downplay.Mechanics' for project '/Modules/MediaGarden/MediaGarden.csproj' cannot be loaded
2013-07-08 01:07:42,505 [58] Orchard.Environment.DefaultAssemblyLoader - Error loading assembly 'Downplay.Mechanics'
System.IO.FileNotFoundException: Could not load file or assembly 'Downplay.Mechanics' or one of its dependencies. The system cannot find the file specified.
File name: 'Downplay.Mechanics'
   at System.Reflection.RuntimeAssembly._nLoad(AssemblyName fileName, String codeBase, Evidence assemblySecurity, RuntimeAssembly locationHint, StackCrawlMark& stackMark, IntPtr pPrivHostBinder, Boolean throwOnFileNotFound, Boolean forIntrospection, Boolean suppressSecurityChecks)
   at System.Reflection.RuntimeAssembly.nLoad(AssemblyName fileName, String codeBase, Evidence assemblySecurity, RuntimeAssembly locationHint, StackCrawlMark& stackMark, IntPtr pPrivHostBinder, Boolean throwOnFileNotFound, Boolean forIntrospection, Boolean suppressSecurityChecks)
   at System.Reflection.RuntimeAssembly.InternalLoadAssemblyName(AssemblyName assemblyRef, Evidence assemblySecurity, RuntimeAssembly reqAssembly, StackCrawlMark& stackMark, IntPtr pPrivHostBinder, Boolean throwOnFileNotFound, Boolean forIntrospection, Boolean suppressSecurityChecks)
   at System.Reflection.RuntimeAssembly.InternalLoad(String assemblyString, Evidence assemblySecurity, StackCrawlMark& stackMark, IntPtr pPrivHostBinder, Boolean forIntrospection)
   at System.Reflection.RuntimeAssembly.InternalLoad(String assemblyString, Evidence assemblySecurity, StackCrawlMark& stackMark, Boolean forIntrospection)
   at System.Reflection.Assembly.Load(String assemblyString)
   at Orchard.Environment.DefaultAssemblyLoader.LoadWorker(String shortName, String fullName) in c:\Orchard\src\Orchard\Environment\IAssemblyLoader.cs:line 56
   at Orchard.Environment.DefaultAssemblyLoader.<>c__DisplayClass4.<Load>b__2(String shortName) in c:\Orchard\src\Orchard\Environment\IAssemblyLoader.cs:line 26
   at System.Collections.Concurrent.ConcurrentDictionary`2.GetOrAdd(TKey key, Func`2 valueFactory)
   at Orchard.Environment.DefaultAssemblyLoader.Load(String assemblyName) in c:\Orchard\src\Orchard\Environment\IAssemblyLoader.cs:line 26

WRN: Assembly binding logging is turned OFF.
To enable assembly bind failure logging, set the registry value [HKLM\Software\Microsoft\Fusion!EnableLog] (DWORD) to 1.
Note: There is some performance penalty associated with assembly bind failure logging.
To turn this feature off, remove the registry value [HKLM\Software\Microsoft\Fusion!EnableLog].

2013-07-08 01:07:42,509 [58] Orchard.Environment.Extensions.Compilers.DefaultExtensionCompiler - Assembly reference 'Downplay.Mechanics' for project '/Modules/MediaGarden/MediaGarden.csproj' cannot be loaded
2013-07-08 01:07:42,872 [58] Orchard.Environment.DefaultAssemblyLoader - Error loading assembly 'Downplay.Mechanics'
System.IO.FileNotFoundException: Could not load file or assembly 'Downplay.Mechanics' or one of its dependencies. The system cannot find the file specified.
File name: 'Downplay.Mechanics'
   at System.Reflection.RuntimeAssembly._nLoad(AssemblyName fileName, String codeBase, Evidence assemblySecurity, RuntimeAssembly locationHint, StackCrawlMark& stackMark, IntPtr pPrivHostBinder, Boolean throwOnFileNotFound, Boolean forIntrospection, Boolean suppressSecurityChecks)
   at System.Reflection.RuntimeAssembly.nLoad(AssemblyName fileName, String codeBase, Evidence assemblySecurity, RuntimeAssembly locationHint, StackCrawlMark& stackMark, IntPtr pPrivHostBinder, Boolean throwOnFileNotFound, Boolean forIntrospection, Boolean suppressSecurityChecks)
   at System.Reflection.RuntimeAssembly.InternalLoadAssemblyName(AssemblyName assemblyRef, Evidence assemblySecurity, RuntimeAssembly reqAssembly, StackCrawlMark& stackMark, IntPtr pPrivHostBinder, Boolean throwOnFileNotFound, Boolean forIntrospection, Boolean suppressSecurityChecks)
   at System.Reflection.RuntimeAssembly.InternalLoad(String assemblyString, Evidence assemblySecurity, StackCrawlMark& stackMark, IntPtr pPrivHostBinder, Boolean forIntrospection)
   at System.Reflection.RuntimeAssembly.InternalLoad(String assemblyString, Evidence assemblySecurity, StackCrawlMark& stackMark, Boolean forIntrospection)
   at System.Reflection.Assembly.Load(String assemblyString)
   at Orchard.Environment.DefaultAssemblyLoader.LoadWorker(String shortName, String fullName) in c:\Orchard\src\Orchard\Environment\IAssemblyLoader.cs:line 56
   at Orchard.Environment.DefaultAssemblyLoader.<>c__DisplayClass4.<Load>b__2(String shortName) in c:\Orchard\src\Orchard\Environment\IAssemblyLoader.cs:line 26
   at System.Collections.Concurrent.ConcurrentDictionary`2.GetOrAdd(TKey key, Func`2 valueFactory)
   at Orchard.Environment.DefaultAssemblyLoader.Load(String assemblyName) in c:\Orchard\src\Orchard\Environment\IAssemblyLoader.cs:line 26

WRN: Assembly binding logging is turned OFF.
To enable assembly bind failure logging, set the registry value [HKLM\Software\Microsoft\Fusion!EnableLog] (DWORD) to 1.
Note: There is some performance penalty associated with assembly bind failure logging.
To turn this feature off, remove the registry value [HKLM\Software\Microsoft\Fusion!EnableLog].

2013-07-08 01:07:42,877 [58] Orchard.Environment.Extensions.Compilers.DefaultExtensionCompiler - Assembly reference 'Downplay.Mechanics' for project '/Modules/MediaGarden/MediaGarden.csproj' cannot be loaded
2013-07-08 01:07:43,170 [58] Orchard.Environment.DefaultAssemblyLoader - Error loading assembly 'Downplay.Mechanics'
System.IO.FileNotFoundException: Could not load file or assembly 'Downplay.Mechanics' or one of its dependencies. The system cannot find the file specified.
File name: 'Downplay.Mechanics'
   at System.Reflection.RuntimeAssembly._nLoad(AssemblyName fileName, String codeBase, Evidence assemblySecurity, RuntimeAssembly locationHint, StackCrawlMark& stackMark, IntPtr pPrivHostBinder, Boolean throwOnFileNotFound, Boolean forIntrospection, Boolean suppressSecurityChecks)
   at System.Reflection.RuntimeAssembly.nLoad(AssemblyName fileName, String codeBase, Evidence assemblySecurity, RuntimeAssembly locationHint, StackCrawlMark& stackMark, IntPtr pPrivHostBinder, Boolean throwOnFileNotFound, Boolean forIntrospection, Boolean suppressSecurityChecks)
   at System.Reflection.RuntimeAssembly.InternalLoadAssemblyName(AssemblyName assemblyRef, Evidence assemblySecurity, RuntimeAssembly reqAssembly, StackCrawlMark& stackMark, IntPtr pPrivHostBinder, Boolean throwOnFileNotFound, Boolean forIntrospection, Boolean suppressSecurityChecks)
   at System.Reflection.RuntimeAssembly.InternalLoad(String assemblyString, Evidence assemblySecurity, StackCrawlMark& stackMark, IntPtr pPrivHostBinder, Boolean forIntrospection)
   at System.Reflection.RuntimeAssembly.InternalLoad(String assemblyString, Evidence assemblySecurity, StackCrawlMark& stackMark, Boolean forIntrospection)
   at System.Reflection.Assembly.Load(String assemblyString)
   at Orchard.Environment.DefaultAssemblyLoader.LoadWorker(String shortName, String fullName) in c:\Orchard\src\Orchard\Environment\IAssemblyLoader.cs:line 56
   at Orchard.Environment.DefaultAssemblyLoader.<>c__DisplayClass4.<Load>b__2(String shortName) in c:\Orchard\src\Orchard\Environment\IAssemblyLoader.cs:line 26
   at System.Collections.Concurrent.ConcurrentDictionary`2.GetOrAdd(TKey key, Func`2 valueFactory)
   at Orchard.Environment.DefaultAssemblyLoader.Load(String assemblyName) in c:\Orchard\src\Orchard\Environment\IAssemblyLoader.cs:line 26

WRN: Assembly binding logging is turne